Loading plugins phase: Elapsed time ==> 0s.164ms
<CYPRESSTAG name="CyDsfit arguments...">
cydsfit arguments: -.fdsnotice -.fdswarpdepfile=warp_dependencies.txt -.fdselabdepfile=elab_dependencies.txt -.fdsbldfile=generated_files.txt -.fdsreffile=referenced_files.txt -p C:\Users\Jimmy\temp\RTC_P4_WDT_Example01\RTC_P4_WDT_Example01.cydsn\RTC_P4_WDT_Example01.cyprj -d CYBLE-212006-01 -s C:\Users\Jimmy\temp\RTC_P4_WDT_Example01\RTC_P4_WDT_Example01.cydsn\Generated_Source\PSoC4 -- -yv2 -q10 -ygs -o2 -v3 -.fftcfgtype=LE
</CYPRESSTAG>
<CYPRESSTAG name="Design elaboration results...">
</CYPRESSTAG>
Elaboration phase: Elapsed time ==> 0s.806ms
<CYPRESSTAG name="HDL generation results...">
</CYPRESSTAG>
HDL generation phase: Elapsed time ==> 0s.030ms
<CYPRESSTAG name="Synthesis results...">

     | | | | | | |
   _________________
  -|               |-
  -|               |-
  -|               |-
  -|    CYPRESS    |-
  -|               |-
  -|               |-   Warp Verilog Synthesis Compiler: Version 6.3 IR 41
  -|               |-   Copyright (C) 1991-2001 Cypress Semiconductor
   |_______________|
     | | | | | | |

======================================================================
Compiling:  RTC_P4_WDT_Example01.v
Program  :   C:\Program Files\Cypress\PSoC Creator\4.2\PSoC Creator\warp\bin\warp.exe
Options  :    -yv2 -q10 -ygs -o2 -v3 -.fftcfgtype=LE -ya -.fftprj=C:\Users\Jimmy\temp\RTC_P4_WDT_Example01\RTC_P4_WDT_Example01.cydsn\RTC_P4_WDT_Example01.cyprj -dcpsoc3 RTC_P4_WDT_Example01.v -verilog
======================================================================

======================================================================
Compiling:  RTC_P4_WDT_Example01.v
Program  :   C:\Program Files\Cypress\PSoC Creator\4.2\PSoC Creator\warp\bin\warp.exe
Options  :    -yv2 -q10 -ygs -o2 -v3 -.fftcfgtype=LE -ya -.fftprj=C:\Users\Jimmy\temp\RTC_P4_WDT_Example01\RTC_P4_WDT_Example01.cydsn\RTC_P4_WDT_Example01.cyprj -dcpsoc3 RTC_P4_WDT_Example01.v -verilog
======================================================================

======================================================================
Compiling:  RTC_P4_WDT_Example01.v
Program  :   vlogfe
Options  :    -yv2 -q10 -ygs -o2 -v3 -.fftcfgtype=LE -ya -.fftprj=C:\Users\Jimmy\temp\RTC_P4_WDT_Example01\RTC_P4_WDT_Example01.cydsn\RTC_P4_WDT_Example01.cyprj -dcpsoc3 -verilog RTC_P4_WDT_Example01.v
======================================================================

vlogfe V6.3 IR 41:  Verilog parser
Wed Aug 12 15:57:12 2020


======================================================================
Compiling:  RTC_P4_WDT_Example01.v
Program  :   vpp
Options  :    -yv2 -q10 RTC_P4_WDT_Example01.v
======================================================================

vpp V6.3 IR 41:  Verilog Pre-Processor
Wed Aug 12 15:57:12 2020

Flattening file 'C:\Program Files\Cypress\PSoC Creator\4.2\PSoC Creator\psoc\content\CyPrimitives\cyprimitives.cylib\cy_virtualmux_v1_0\cy_virtualmux_v1_0.v'

vpp:  No errors.

Library 'work' => directory 'lcpsoc3'
General_symbol_table
General_symbol_table
Linking 'C:\Program Files\Cypress\PSoC Creator\4.2\PSoC Creator\warp\lib\common\std.vhd'.
Linking 'C:\Program Files\Cypress\PSoC Creator\4.2\PSoC Creator\warp\lib\common\cypress.vhd'.
Linking 'C:\Program Files\Cypress\PSoC Creator\4.2\PSoC Creator\warp\lib\common\work\cypress.vif'.
Linking 'C:\Program Files\Cypress\PSoC Creator\4.2\PSoC Creator\warp\lib\ieee\work\stdlogic.vif'.
Linking 'C:\Program Files\Cypress\PSoC Creator\4.2\PSoC Creator\warp\lib\common\stdlogic\lpmpkg.vif'.
Linking 'C:\Program Files\Cypress\PSoC Creator\4.2\PSoC Creator\warp\lib\common\stdlogic\rtlpkg.vif'.
Linking 'C:\Program Files\Cypress\PSoC Creator\4.2\PSoC Creator\warp\lib\common\stdlogic\mod_cnst.vif'.
Linking 'C:\Program Files\Cypress\PSoC Creator\4.2\PSoC Creator\warp\lib\common\stdlogic\mod_mthv.vif'.
Linking 'C:\Program Files\Cypress\PSoC Creator\4.2\PSoC Creator\warp\lib\common\stdlogic\mod_genv.vif'.
Using control file 'RTC_P4_WDT_Example01.ctl'.

vlogfe:  No errors.


======================================================================
Compiling:  RTC_P4_WDT_Example01.v
Program  :   tovif
Options  :    -yv2 -q10 -ygs -o2 -v3 -.fftcfgtype=LE -ya -.fftprj=C:\Users\Jimmy\temp\RTC_P4_WDT_Example01\RTC_P4_WDT_Example01.cydsn\RTC_P4_WDT_Example01.cyprj -dcpsoc3 -verilog RTC_P4_WDT_Example01.v
======================================================================

tovif V6.3 IR 41:  High-level synthesis
Wed Aug 12 15:57:12 2020

Linking 'C:\Program Files\Cypress\PSoC Creator\4.2\PSoC Creator\warp\lib\common\std.vhd'.
Linking 'C:\Program Files\Cypress\PSoC Creator\4.2\PSoC Creator\warp\lib\common\cypress.vhd'.
Linking 'C:\Program Files\Cypress\PSoC Creator\4.2\PSoC Creator\warp\lib\common\work\cypress.vif'.
Linking 'C:\Program Files\Cypress\PSoC Creator\4.2\PSoC Creator\warp\lib\ieee\work\stdlogic.vif'.
Linking 'C:\Program Files\Cypress\PSoC Creator\4.2\PSoC Creator\warp\lib\common\stdlogic\lpmpkg.vif'.
Linking 'C:\Program Files\Cypress\PSoC Creator\4.2\PSoC Creator\warp\lib\common\stdlogic\rtlpkg.vif'.
Linking 'C:\Program Files\Cypress\PSoC Creator\4.2\PSoC Creator\warp\lib\common\stdlogic\mod_cnst.vif'.
Linking 'C:\Program Files\Cypress\PSoC Creator\4.2\PSoC Creator\warp\lib\common\stdlogic\mod_mthv.vif'.
Linking 'C:\Program Files\Cypress\PSoC Creator\4.2\PSoC Creator\warp\lib\common\stdlogic\mod_genv.vif'.
Linking 'C:\Users\Jimmy\temp\RTC_P4_WDT_Example01\RTC_P4_WDT_Example01.cydsn\codegentemp\RTC_P4_WDT_Example01.ctl'.
Linking 'C:\Users\Jimmy\temp\RTC_P4_WDT_Example01\RTC_P4_WDT_Example01.cydsn\codegentemp\RTC_P4_WDT_Example01.v'.
Linking 'C:\Program Files\Cypress\PSoC Creator\4.2\PSoC Creator\psoc\content\CyPrimitives\cyprimitives.cylib\cy_virtualmux_v1_0\cy_virtualmux_v1_0.v'.

tovif:  No errors.


======================================================================
Compiling:  RTC_P4_WDT_Example01.v
Program  :   topld
Options  :    -yv2 -q10 -ygs -o2 -v3 -.fftcfgtype=LE -ya -.fftprj=C:\Users\Jimmy\temp\RTC_P4_WDT_Example01\RTC_P4_WDT_Example01.cydsn\RTC_P4_WDT_Example01.cyprj -dcpsoc3 -verilog RTC_P4_WDT_Example01.v
======================================================================

topld V6.3 IR 41:  Synthesis and optimization
Wed Aug 12 15:57:12 2020

Linking 'C:\Program Files\Cypress\PSoC Creator\4.2\PSoC Creator\warp\lib\common\std.vhd'.
Linking 'C:\Program Files\Cypress\PSoC Creator\4.2\PSoC Creator\warp\lib\common\cypress.vhd'.
Linking 'C:\Program Files\Cypress\PSoC Creator\4.2\PSoC Creator\warp\lib\common\work\cypress.vif'.
Linking 'C:\Program Files\Cypress\PSoC Creator\4.2\PSoC Creator\warp\lib\ieee\work\stdlogic.vif'.
Linking 'C:\Program Files\Cypress\PSoC Creator\4.2\PSoC Creator\warp\lib\common\stdlogic\lpmpkg.vif'.
Linking 'C:\Program Files\Cypress\PSoC Creator\4.2\PSoC Creator\warp\lib\common\stdlogic\rtlpkg.vif'.
Linking 'C:\Program Files\Cypress\PSoC Creator\4.2\PSoC Creator\warp\lib\common\stdlogic\mod_cnst.vif'.
Linking 'C:\Program Files\Cypress\PSoC Creator\4.2\PSoC Creator\warp\lib\common\stdlogic\mod_mthv.vif'.
Linking 'C:\Program Files\Cypress\PSoC Creator\4.2\PSoC Creator\warp\lib\common\stdlogic\mod_genv.vif'.
Linking 'C:\Users\Jimmy\temp\RTC_P4_WDT_Example01\RTC_P4_WDT_Example01.cydsn\codegentemp\RTC_P4_WDT_Example01.ctl'.
Linking 'C:\Users\Jimmy\temp\RTC_P4_WDT_Example01\RTC_P4_WDT_Example01.cydsn\codegentemp\RTC_P4_WDT_Example01.v'.
Linking 'C:\Program Files\Cypress\PSoC Creator\4.2\PSoC Creator\psoc\content\CyPrimitives\cyprimitives.cylib\cy_virtualmux_v1_0\cy_virtualmux_v1_0.v'.
Linking 'C:\Program Files\Cypress\PSoC Creator\4.2\PSoC Creator\warp\lib\lcpsoc3\stdlogic\cpsoc3.vif'.

----------------------------------------------------------
Detecting unused logic.
----------------------------------------------------------



------------------------------------------------------
Alias Detection
------------------------------------------------------
Aliasing one to tmpOE__LED_Alarm_net_0
Aliasing tmpOE__LED_WdtIsr_net_0 to tmpOE__LED_Alarm_net_0
Aliasing \UART:tmpOE__tx_net_0\ to tmpOE__LED_Alarm_net_0
Aliasing tmpOE__LFCLK_Out_net_0 to tmpOE__LED_Alarm_net_0
Aliasing \Timer1:Net_75\ to zero
Aliasing \Timer1:Net_69\ to tmpOE__LED_Alarm_net_0
Aliasing \Timer1:Net_66\ to zero
Aliasing \Timer1:Net_82\ to zero
Aliasing \Timer1:Net_72\ to zero
Removing Lhs of wire one[13] = tmpOE__LED_Alarm_net_0[7]
Removing Lhs of wire tmpOE__LED_WdtIsr_net_0[16] = tmpOE__LED_Alarm_net_0[7]
Removing Lhs of wire \UART:tmpOE__tx_net_0\[23] = tmpOE__LED_Alarm_net_0[7]
Removing Lhs of wire tmpOE__LFCLK_Out_net_0[31] = tmpOE__LED_Alarm_net_0[7]
Removing Lhs of wire \Timer1:Net_81\[37] = Net_206[49]
Removing Lhs of wire \Timer1:Net_75\[38] = zero[8]
Removing Lhs of wire \Timer1:Net_69\[39] = tmpOE__LED_Alarm_net_0[7]
Removing Lhs of wire \Timer1:Net_66\[40] = zero[8]
Removing Lhs of wire \Timer1:Net_82\[41] = zero[8]
Removing Lhs of wire \Timer1:Net_72\[42] = zero[8]

------------------------------------------------------
Aliased 0 equations, 10 wires.
------------------------------------------------------

----------------------------------------------------------
Circuit simplification
----------------------------------------------------------

Substituting virtuals - pass 1:


----------------------------------------------------------
Circuit simplification results:

	Expanded 0 signals.
	Turned 0 signals into soft nodes.
	Maximum default expansion cost was set at 3.
----------------------------------------------------------

topld:  No errors.

CYPRESS_DIR    : C:\Program Files\Cypress\PSoC Creator\4.2\PSoC Creator\warp
Warp Program   : C:\Program Files\Cypress\PSoC Creator\4.2\PSoC Creator\warp\bin\warp.exe
Warp Arguments : -yv2 -q10 -ygs -o2 -v3 -.fftcfgtype=LE -ya -.fftprj=C:\Users\Jimmy\temp\RTC_P4_WDT_Example01\RTC_P4_WDT_Example01.cydsn\RTC_P4_WDT_Example01.cyprj -dcpsoc3 RTC_P4_WDT_Example01.v -verilog
</CYPRESSTAG>
Warp synthesis phase: Elapsed time ==> 0s.333ms
<CYPRESSTAG name="Fitter results...">
<CYPRESSTAG name="Fitter startup details...">
cyp3fit: V4.2.0.641, Family: PSoC3, Started at: Wednesday, 12 August 2020 15:57:13
Options: -yv2 -q10 -ygs -o2 -v3 -.fftcfgtype=LE -ya -.fftprj=C:\Users\Jimmy\temp\RTC_P4_WDT_Example01\RTC_P4_WDT_Example01.cydsn\RTC_P4_WDT_Example01.cyprj -d CYBLE-212006-01 RTC_P4_WDT_Example01.v -verilog
</CYPRESSTAG>
<CYPRESSTAG name="Design parsing">
Design parsing phase: Elapsed time ==> 0s.007ms
</CYPRESSTAG>
<CYPRESSTAG name="Tech Mapping">
<CYPRESSTAG name="Initial Mapping" icon="FILE_RPT_TECHM">
Assigning clock Clock_1 to clock LFCLK because it is a pass-through

Removing unused cells resulting from optimization
Done removing unused cells.
<CYPRESSTAG name="Global Clock Selection" icon="FILE_RPT_TECHM">
    Fixed Function Clock 7: Automatic-assigning  clock 'Clock_2'. Signal=Net_206_ff7
<CYPRESSTAG name="UDB Clock/Enable Remapping Results">
</CYPRESSTAG>
</CYPRESSTAG>
ADD: pft.M0040: information: The following 1 pin(s) will be assigned a location by the fitter: LFCLK_Out(0)

<CYPRESSTAG name="Duplicate Macrocell detection">
</CYPRESSTAG>
</CYPRESSTAG>
<CYPRESSTAG name="Duplicate Macrocell detection">
</CYPRESSTAG>
<CYPRESSTAG name="Design Equations" icon="FILE_RPT_EQUATION">

------------------------------------------------------------
Design Equations
------------------------------------------------------------
    <CYPRESSTAG name="Pin listing">

    ------------------------------------------------------------
    Pin listing
    ------------------------------------------------------------

    Pin : Name = LED_Alarm(0)
        Attributes:
            In Group/Port: True
            In Sync Option: AUTO
            Out Sync Option: NOSYNC
            Interrupt generated: False
            Interrupt mode: NONE
            Drive mode: CMOS_OUT
            VTrip: EITHER
            Slew: FAST
            Input Sync needed: False
            Output Sync needed: False
            SC shield enabled: False
            POR State: ANY
            LCD Mode: COMMON
            Register Mode: RegComb
            CaSense Mode: NEITHER
            Treat as pin: True
            Is OE Registered: False
            Uses Analog: False
            Can contain Digital: True
            Is SIO: False
            SIO Output Buf: NONREGULATED
            SIO Input Buf: SINGLE_ENDED
            SIO HiFreq: LOW
            SIO Hyst: DISABLED
            SIO Vtrip: MULTIPLIER_0_5
            SIO Multiplier Index: 0
            SIO RefSel: VCC_IO
            Required Capabilities: DIGITAL
            Initial Value: 1
            IO Voltage: 0
        PORT MAP (
            pa_out => LED_Alarm(0)__PA ,
            annotation => Net_47 ,
            pad => LED_Alarm(0)_PAD );
        Properties:
        {
        }

    Pin : Name = LED_WdtIsr(0)
        Attributes:
            In Group/Port: True
            In Sync Option: AUTO
            Out Sync Option: NOSYNC
            Interrupt generated: False
            Interrupt mode: NONE
            Drive mode: CMOS_OUT
            VTrip: EITHER
            Slew: FAST
            Input Sync needed: False
            Output Sync needed: False
            SC shield enabled: False
            POR State: ANY
            LCD Mode: COMMON
            Register Mode: RegComb
            CaSense Mode: NEITHER
            Treat as pin: True
            Is OE Registered: False
            Uses Analog: False
            Can contain Digital: True
            Is SIO: False
            SIO Output Buf: NONREGULATED
            SIO Input Buf: SINGLE_ENDED
            SIO HiFreq: LOW
            SIO Hyst: DISABLED
            SIO Vtrip: MULTIPLIER_0_5
            SIO Multiplier Index: 0
            SIO RefSel: VCC_IO
            Required Capabilities: DIGITAL
            Initial Value: 1
            IO Voltage: 0
        PORT MAP (
            pa_out => LED_WdtIsr(0)__PA ,
            annotation => Net_1782 ,
            pad => LED_WdtIsr(0)_PAD );
        Properties:
        {
        }

    Pin : Name = \UART:tx(0)\
        Attributes:
            In Group/Port: True
            In Sync Option: AUTO
            Out Sync Option: NOSYNC
            Interrupt generated: False
            Interrupt mode: NONE
            Drive mode: CMOS_OUT
            VTrip: EITHER
            Slew: FAST
            Input Sync needed: False
            Output Sync needed: False
            SC shield enabled: False
            POR State: ANY
            LCD Mode: COMMON
            Register Mode: RegComb
            CaSense Mode: NEITHER
            Treat as pin: True
            Is OE Registered: False
            Uses Analog: False
            Can contain Digital: True
            Is SIO: False
            SIO Output Buf: NONREGULATED
            SIO Input Buf: SINGLE_ENDED
            SIO HiFreq: LOW
            SIO Hyst: DISABLED
            SIO Vtrip: MULTIPLIER_0_5
            SIO Multiplier Index: 0
            SIO RefSel: VCC_IO
            Required Capabilities: DIGITAL
            Initial Value: 1
            IO Voltage: 0
        PORT MAP (
            pa_out => \UART:tx(0)\__PA ,
            pad => \UART:tx(0)_PAD\ );
        Properties:
        {
        }

    Pin : Name = LFCLK_Out(0)
        Attributes:
            In Group/Port: True
            In Sync Option: AUTO
            Out Sync Option: NOSYNC
            Interrupt generated: False
            Interrupt mode: NONE
            Drive mode: HI_Z_ANALOG
            VTrip: EITHER
            Slew: FAST
            Input Sync needed: False
            Output Sync needed: False
            SC shield enabled: False
            POR State: ANY
            LCD Mode: COMMON
            Register Mode: RegComb
            CaSense Mode: NEITHER
            Treat as pin: True
            Is OE Registered: False
            Uses Analog: False
            Can contain Digital: True
            Is SIO: False
            SIO Output Buf: NONREGULATED
            SIO Input Buf: SINGLE_ENDED
            SIO HiFreq: LOW
            SIO Hyst: DISABLED
            SIO Vtrip: MULTIPLIER_0_5
            SIO Multiplier Index: 0
            SIO RefSel: VCC_IO
            Required Capabilities: DIGITAL, ROUTABLE
            Initial Value: 1
            IO Voltage: 0
        PORT MAP (
            pa_out => LFCLK_Out(0)__PA ,
            pin_input => ClockBlock_LFCLK ,
            pad => LFCLK_Out(0)_PAD );
    </CYPRESSTAG>
    <CYPRESSTAG name="Macrocell listing" icon="FILE_RPT_EQUATION">
    </CYPRESSTAG>
    <CYPRESSTAG name="Datapath listing">
    </CYPRESSTAG>
    <CYPRESSTAG name="Status register listing">
    </CYPRESSTAG>
    <CYPRESSTAG name="StatusI register listing">
    </CYPRESSTAG>
    <CYPRESSTAG name="Sync listing">
    </CYPRESSTAG>
    <CYPRESSTAG name="Control register listing">
    </CYPRESSTAG>
    <CYPRESSTAG name="Count7 listing">
    </CYPRESSTAG>
    <CYPRESSTAG name="DRQ listing">
    </CYPRESSTAG>
    <CYPRESSTAG name="Interrupt listing">

    ------------------------------------------------------------
    Interrupt listing
    ------------------------------------------------------------

    interrupt: Name =isrTimer1
        PORT MAP (
            interrupt => Net_385 );
        Properties:
        {
            int_type = "10"
            is_nmi = 0
        }
    </CYPRESSTAG>
</CYPRESSTAG>
<CYPRESSTAG name="Technology mapping summary" expanded>

------------------------------------------------------------
Technology mapping summary
------------------------------------------------------------

Resource Type                 : Used : Free :  Max :  % Used
============================================================
Digital Clocks                :    0 :    4 :    4 :  0.00 %
Interrupts                    :    1 :   31 :   32 :  3.13 %
IO                            :    6 :   13 :   19 : 31.58 %
Segment LCD                   :    0 :    1 :    1 :  0.00 %
CapSense                      :    0 :    1 :    1 :  0.00 %
Die Temp                      :    0 :    1 :    1 :  0.00 %
Serial Communication (SCB)    :    0 :    2 :    2 :  0.00 %
BLE                           :    0 :    1 :    1 :  0.00 %
DMA Channels                  :    0 :    8 :    8 :  0.00 %
Timer/Counter/PWM             :    1 :    3 :    4 : 25.00 %
Pre-configured Blocks         :    0 :    4 :    4 :  0.00 %
SAR ADC                       :    0 :    1 :    1 :  0.00 %
DAC                           :      :      :      :        
  7-bit IDAC                  :    0 :    1 :    1 :  0.00 %
  8-bit IDAC                  :    0 :    1 :    1 :  0.00 %
</CYPRESSTAG>
Technology Mapping: Elapsed time ==> 0s.015ms
Tech Mapping phase: Elapsed time ==> 0s.044ms
</CYPRESSTAG>
<CYPRESSTAG name="Analog Placement">
<CYPRESSTAG name="FFB & IO Pre Placement">
<CYPRESSTAG name="Placement" icon="FILE_RPT_PLACEMENT">

Cell                                : Block                              
=========================================================================
LED_Alarm(0)                        : [IOP=(3)][IoId=(6)]                
LED_WdtIsr(0)                       : [IOP=(3)][IoId=(7)]                
\UART:tx(0)\                        : [IOP=(3)][IoId=(5)]                
ClockGenBlock                       : CLK_GEN_[FFB(CLK_GEN,0)]           
\Timer1:cy_m0s8_tcpwm_1\            : TCPWM_[FFB(TCPWM,0)]               
LFCLK_Out(0)                        : [IOP=(0)][IoId=(4)]                

</CYPRESSTAG>
</CYPRESSTAG>
<CYPRESSTAG name="Real Analog Placement">
Elapsed time ==> 0.0947374s
</CYPRESSTAG>
Analog Placement phase: Elapsed time ==> 0s.236ms
</CYPRESSTAG>
<CYPRESSTAG name="Analog Routing">
<CYPRESSTAG name="Analog Routing">
Route success=True, Iterations=1 Elapsed=0.0008049 secs
</CYPRESSTAG>
Analog Routing phase: Elapsed time ==> 0s.002ms
</CYPRESSTAG>
<CYPRESSTAG name="Analog Code Generation">
============ Analog Final Answer Routes ============
Dump of CyAnalogRoutingResultsDB
Map of net to items {
}
Map of item to net {
}
Mux Info {
}
Analog Code Generation phase: Elapsed time ==> 0s.013ms
</CYPRESSTAG>
<CYPRESSTAG name="Digital Placement">
<CYPRESSTAG name="Detailed placement messages">
I2659: No Constrained paths were found. The placer will run in non-timing driven mode.
I2076: Total run-time: 0.2 sec.

</CYPRESSTAG>
<CYPRESSTAG name="PLD Packing">
<CYPRESSTAG name="PLD Packing Summary">
No PLDs were packed.
</CYPRESSTAG>
PLD Packing: Elapsed time ==> 0s.001ms
</CYPRESSTAG>
<CYPRESSTAG name="Partitioning">
<CYPRESSTAG name="Initial Partitioning Summary">
Initial Partitioning Summary not displayed at this verbose level.</CYPRESSTAG>
<CYPRESSTAG name="Final Partitioning Summary">
Final Partitioning Summary not displayed at this verbose level.</CYPRESSTAG>
Partitioning: Elapsed time ==> 0s.008ms
</CYPRESSTAG>
<CYPRESSTAG name="Final Placement Summary">

------------------------------------------------------------
Final Placement Summary
------------------------------------------------------------

       Resource Type :      Count : Avg Inputs : Avg Outputs
    ========================================================
                 UDB :          0 :       0.00 :       0.00
<CYPRESSTAG name="Final Placement Details">
<CYPRESSTAG name="Component Details">

------------------------------------------------------------
Component Placement Details
------------------------------------------------------------
UDB [UDB=(0,0)] is empty.
UDB [UDB=(0,1)] is empty.
UDB [UDB=(1,0)] is empty.
UDB [UDB=(1,1)] is empty.
Intr container @ [IntrContainer=(0)]: 
  Intr@ [IntrContainer=(0)][IntrId=(17)] 
    interrupt: Name =isrTimer1
        PORT MAP (
            interrupt => Net_385 );
        Properties:
        {
            int_type = "10"
            is_nmi = 0
        }
Drq container @ [DrqContainer=(0)]: empty
Port 0 contains the following IO cells:
[IoId=4]: 
Pin : Name = LFCLK_Out(0)
    Attributes:
        In Group/Port: True
        In Sync Option: AUTO
        Out Sync Option: NOSYNC
        Interrupt generated: False
        Interrupt mode: NONE
        Drive mode: HI_Z_ANALOG
        VTrip: EITHER
        Slew: FAST
        Input Sync needed: False
        Output Sync needed: False
        SC shield enabled: False
        POR State: ANY
        LCD Mode: COMMON
        Register Mode: RegComb
        CaSense Mode: NEITHER
        Treat as pin: True
        Is OE Registered: False
        Uses Analog: False
        Can contain Digital: True
        Is SIO: False
        SIO Output Buf: NONREGULATED
        SIO Input Buf: SINGLE_ENDED
        SIO HiFreq: LOW
        SIO Hyst: DISABLED
        SIO Vtrip: MULTIPLIER_0_5
        SIO Multiplier Index: 0
        SIO RefSel: VCC_IO
        Required Capabilities: DIGITAL, ROUTABLE
        Initial Value: 1
        IO Voltage: 0
    PORT MAP (
        pa_out => LFCLK_Out(0)__PA ,
        pin_input => ClockBlock_LFCLK ,
        pad => LFCLK_Out(0)_PAD );
    Properties:
    {
    }

Port 1 contains the following IO cells:
Port 2 contains the following IO cells:
Port 3 contains the following IO cells:
[IoId=5]: 
Pin : Name = \UART:tx(0)\
    Attributes:
        In Group/Port: True
        In Sync Option: AUTO
        Out Sync Option: NOSYNC
        Interrupt generated: False
        Interrupt mode: NONE
        Drive mode: CMOS_OUT
        VTrip: EITHER
        Slew: FAST
        Input Sync needed: False
        Output Sync needed: False
        SC shield enabled: False
        POR State: ANY
        LCD Mode: COMMON
        Register Mode: RegComb
        CaSense Mode: NEITHER
        Treat as pin: True
        Is OE Registered: False
        Uses Analog: False
        Can contain Digital: True
        Is SIO: False
        SIO Output Buf: NONREGULATED
        SIO Input Buf: SINGLE_ENDED
        SIO HiFreq: LOW
        SIO Hyst: DISABLED
        SIO Vtrip: MULTIPLIER_0_5
        SIO Multiplier Index: 0
        SIO RefSel: VCC_IO
        Required Capabilities: DIGITAL
        Initial Value: 1
        IO Voltage: 0
    PORT MAP (
        pa_out => \UART:tx(0)\__PA ,
        pad => \UART:tx(0)_PAD\ );
    Properties:
    {
    }

[IoId=6]: 
Pin : Name = LED_Alarm(0)
    Attributes:
        In Group/Port: True
        In Sync Option: AUTO
        Out Sync Option: NOSYNC
        Interrupt generated: False
        Interrupt mode: NONE
        Drive mode: CMOS_OUT
        VTrip: EITHER
        Slew: FAST
        Input Sync needed: False
        Output Sync needed: False
        SC shield enabled: False
        POR State: ANY
        LCD Mode: COMMON
        Register Mode: RegComb
        CaSense Mode: NEITHER
        Treat as pin: True
        Is OE Registered: False
        Uses Analog: False
        Can contain Digital: True
        Is SIO: False
        SIO Output Buf: NONREGULATED
        SIO Input Buf: SINGLE_ENDED
        SIO HiFreq: LOW
        SIO Hyst: DISABLED
        SIO Vtrip: MULTIPLIER_0_5
        SIO Multiplier Index: 0
        SIO RefSel: VCC_IO
        Required Capabilities: DIGITAL
        Initial Value: 1
        IO Voltage: 0
    PORT MAP (
        pa_out => LED_Alarm(0)__PA ,
        annotation => Net_47 ,
        pad => LED_Alarm(0)_PAD );
    Properties:
    {
    }

[IoId=7]: 
Pin : Name = LED_WdtIsr(0)
    Attributes:
        In Group/Port: True
        In Sync Option: AUTO
        Out Sync Option: NOSYNC
        Interrupt generated: False
        Interrupt mode: NONE
        Drive mode: CMOS_OUT
        VTrip: EITHER
        Slew: FAST
        Input Sync needed: False
        Output Sync needed: False
        SC shield enabled: False
        POR State: ANY
        LCD Mode: COMMON
        Register Mode: RegComb
        CaSense Mode: NEITHER
        Treat as pin: True
        Is OE Registered: False
        Uses Analog: False
        Can contain Digital: True
        Is SIO: False
        SIO Output Buf: NONREGULATED
        SIO Input Buf: SINGLE_ENDED
        SIO HiFreq: LOW
        SIO Hyst: DISABLED
        SIO Vtrip: MULTIPLIER_0_5
        SIO Multiplier Index: 0
        SIO RefSel: VCC_IO
        Required Capabilities: DIGITAL
        Initial Value: 1
        IO Voltage: 0
    PORT MAP (
        pa_out => LED_WdtIsr(0)__PA ,
        annotation => Net_1782 ,
        pad => LED_WdtIsr(0)_PAD );
    Properties:
    {
    }

Port 4 contains the following IO cells:
ARM group 0: empty
Clock group 0: 
    Clock Block @ F(Clock,0): 
    m0s8clockblockcell: Name =ClockBlock
        PORT MAP (
            hfclk => ClockBlock_HFCLK ,
            imo => ClockBlock_IMO ,
            ext => ClockBlock_EXTCLK ,
            sysclk => ClockBlock_SYSCLK ,
            eco => ClockBlock_ECO ,
            ilo => ClockBlock_ILO ,
            lfclk => ClockBlock_LFCLK ,
            wco => ClockBlock_WCO ,
            dsi_in_0 => ClockBlock_Routed1 ,
            ff_div_7 => Net_206_ff7 );
        Properties:
        {
        }
LCD group 0: empty
PICU group 0: empty
SCB group 0: empty
CSD group 0: empty
CSIDAC8 group 0: empty
CSIDAC7 group 0: empty
TCPWM group 0: 
    Tcpwm Block @ F(TCPWM,0): 
    m0s8tcpwmcell: Name =\Timer1:cy_m0s8_tcpwm_1\
        PORT MAP (
            clock => Net_206_ff7 ,
            capture => zero ,
            count => tmpOE__LED_Alarm_net_0 ,
            reload => zero ,
            stop => zero ,
            start => zero ,
            tr_underflow => Net_202 ,
            tr_overflow => Net_201 ,
            tr_compare_match => Net_203 ,
            line => Net_204 ,
            line_compl => Net_205 ,
            interrupt => Net_385 );
        Properties:
        {
            cy_registers = ""
        }
TEMP group 0: empty
SARADC group 0: empty
CLK_GEN group 0: 
    M0S8 Clock Gen Block @ F(CLK_GEN,0): 
    m0s8clockgenblockcell: Name =ClockGenBlock
        PORT MAP (
             );
        Properties:
        {
        }
LPCOMPBLOCK group 0: empty
PASSBLOCK group 0: empty
BLE group 0: empty
WCO group 0: empty
SRSS group 0: empty
CPUSS group 0: empty
IOSS group 0: empty
EXCO group 0: empty
</CYPRESSTAG>
<CYPRESSTAG name="Port Configuration Details">

------------------------------------------------------------
Port Configuration report
------------------------------------------------------------
     |     |       | Interrupt |                  |               | 
Port | Pin | Fixed |      Type |       Drive Mode |          Name | Connections
-----+-----+-------+-----------+------------------+---------------+---------------------
   0 |   4 |       |      NONE |      HI_Z_ANALOG |  LFCLK_Out(0) | In(ClockBlock_LFCLK)
-----+-----+-------+-----------+------------------+---------------+---------------------
   3 |   5 |     * |      NONE |         CMOS_OUT |  \UART:tx(0)\ | 
     |   6 |     * |      NONE |         CMOS_OUT |  LED_Alarm(0) | 
     |   7 |     * |      NONE |         CMOS_OUT | LED_WdtIsr(0) | 
----------------------------------------------------------------------------------------
</CYPRESSTAG>
</CYPRESSTAG>
</CYPRESSTAG>
Digital component placer commit/Report: Elapsed time ==> 0s.008ms
Digital Placement phase: Elapsed time ==> 0s.447ms
</CYPRESSTAG>
<CYPRESSTAG name="Digital Routing">
"C:\Program Files\Cypress\PSoC Creator\4.2\PSoC Creator\bin/sjrouter.exe" --xml-path "C:\Program Files\Cypress\PSoC Creator\4.2\PSoC Creator\dev\psoc4/3/256dma/route_arch-rrg.cydata" --vh2-path "RTC_P4_WDT_Example01_r.vh2" --pcf-path "RTC_P4_WDT_Example01.pco" --des-name "RTC_P4_WDT_Example01" --dsf-path "RTC_P4_WDT_Example01.dsf" --sdc-path "RTC_P4_WDT_Example01.sdc" --lib-path "RTC_P4_WDT_Example01_r.lib"
Routing successful.
Digital Routing phase: Elapsed time ==> 0s.543ms
</CYPRESSTAG>
<CYPRESSTAG name="Bitstream Generation">
Bitstream Generation phase: Elapsed time ==> 0s.216ms
</CYPRESSTAG>
<CYPRESSTAG name="Bitstream Verification">
Bitstream Verification phase: Elapsed time ==> 0s.026ms
</CYPRESSTAG>
<CYPRESSTAG name="Static timing analysis">
Timing report is in RTC_P4_WDT_Example01_timing.html.
Static timing analysis phase: Elapsed time ==> 0s.160ms
</CYPRESSTAG>
<CYPRESSTAG name="Data reporting">
Data reporting phase: Elapsed time ==> 0s.000ms
</CYPRESSTAG>
<CYPRESSTAG name="Database update...">
Design database save phase: Elapsed time ==> 0s.169ms
</CYPRESSTAG>
cydsfit: Elapsed time ==> 1s.881ms
</CYPRESSTAG>
Fitter phase: Elapsed time ==> 1s.882ms
API generation phase: Elapsed time ==> 1s.284ms
Dependency generation phase: Elapsed time ==> 0s.011ms
Cleanup phase: Elapsed time ==> 0s.002ms
